[2011-03-31 20:34:13] Connection error: Unknown database 'jstree' <>
[2011-03-31 20:34:13] Could node connect for query: SELECT `id` , `parent_id` , `position` , `left` , `right` , `level` , `title` , `type` FROM `tree` WHERE `parent_id` = 1 ORDER BY `position` ASC <>
[2011-03-31 20:34:13] No query pending <>
[2011-03-31 20:34:13] TRUNCATE TABLE `tree` <>
[2011-03-31 20:34:13] INSERT INTO `tree` (`id`, `parent_id`, `position`, `left`, `right`, `level` ) VALUES (1, 0, 0, 1, 2, 0 ) <>
[2011-03-31 20:34:13] SELECT `id` , `parent_id` , `position` , `left` , `right` , `level` , `title` , `type` FROM `tree` WHERE `id` = 0 <>
[2011-03-31 20:34:13] No query pending <>
[2011-03-31 20:34:13] nf: no result set <>
[2011-03-31 20:34:13] SELECT `id` , `parent_id` , `position` , `left` , `right` , `level` , `title` , `type` FROM `tree` WHERE `parent_id` = 0 ORDER BY `position` ASC <>
[2011-03-31 20:34:13] No query pending <>
[2011-03-31 20:34:13] SELECT `id` , `parent_id` , `position` , `left` , `right` , `level` , `title` , `type` FROM `tree` WHERE `id` = 1 <>
[2011-03-31 20:34:13] No query pending <>
[2011-03-31 20:34:13] nf: no result set <>
[2011-03-31 20:34:13] SELECT `id` , `parent_id` , `position` , `left` , `right` , `level` , `title` , `type` FROM `tree` WHERE `parent_id` = 1 ORDER BY `position` ASC <>
[2011-03-31 20:34:13] No query pending <>
[2011-03-31 20:34:13] UPDATE `tree` SET `position` = `position` + 1 WHERE `parent_id` = 1 AND `position` >= 0  AND `id` NOT IN (-1)  <>
[2011-03-31 20:34:13] UPDATE `tree` SET `left` = `left` + 2 WHERE `left` >= 1  AND `id` NOT IN (-1)  <>
[2011-03-31 20:34:13] UPDATE `tree` SET `right` = `right` + 2 WHERE `right` >= 1  AND `id` NOT IN (-1)  <>
[2011-03-31 20:34:13] INSERT INTO `tree` (`parent_id`, `position`, `left`, `right`, `level` ) VALUES (1, 0, 1, 2, 1) <>
[2011-03-31 20:34:13] SELECT `id` , `parent_id` , `position` , `left` , `right` , `level` , `title` , `type` FROM `tree` WHERE `id` = 0 <>
[2011-03-31 20:34:13] No query pending <>
[2011-03-31 20:34:13] nf: no result set <>
[2011-03-31 20:34:13] SELECT `id` , `parent_id` , `position` , `left` , `right` , `level` , `title` , `type` FROM `tree` WHERE `parent_id` = 0 ORDER BY `position` ASC <>
[2011-03-31 20:34:13] No query pending <>
[2011-03-31 20:34:13] SELECT `id` , `parent_id` , `position` , `left` , `right` , `level` , `title` , `type` FROM `tree` WHERE `id` = 1 <>
[2011-03-31 20:34:13] No query pending <>
[2011-03-31 20:34:13] nf: no result set <>
[2011-03-31 20:34:13] SELECT `id` , `parent_id` , `position` , `left` , `right` , `level` , `title` , `type` FROM `tree` WHERE `parent_id` = 1 ORDER BY `position` ASC <>
[2011-03-31 20:34:13] No query pending <>
[2011-03-31 20:34:13] UPDATE `tree` SET `position` = `position` + 1 WHERE `parent_id` = 1 AND `position` >= 0  AND `id` NOT IN (-1)  <>
[2011-03-31 20:34:13] UPDATE `tree` SET `left` = `left` + 2 WHERE `left` >= 1  AND `id` NOT IN (-1)  <>
[2011-03-31 20:34:13] UPDATE `tree` SET `right` = `right` + 2 WHERE `right` >= 1  AND `id` NOT IN (-1)  <>
[2011-03-31 20:34:13] INSERT INTO `tree` (`parent_id`, `position`, `left`, `right`, `level` ) VALUES (1, 0, 1, 2, 1) <>
[2011-03-31 20:34:13] SELECT `id` , `parent_id` , `position` , `left` , `right` , `level` , `title` , `type` FROM `tree` WHERE `id` = 0 <>
[2011-03-31 20:34:13] No query pending <>
[2011-03-31 20:34:13] nf: no result set <>
[2011-03-31 20:34:13] SELECT `id` , `parent_id` , `position` , `left` , `right` , `level` , `title` , `type` FROM `tree` WHERE `parent_id` = 0 ORDER BY `position` ASC <>
[2011-03-31 20:34:13] No query pending <>
[2011-03-31 20:34:13] SELECT `id` , `parent_id` , `position` , `left` , `right` , `level` , `title` , `type` FROM `tree` WHERE `id` = 2 <>
[2011-03-31 20:34:13] No query pending <>
[2011-03-31 20:34:13] nf: no result set <>
[2011-03-31 20:34:13] SELECT `id` , `parent_id` , `position` , `left` , `right` , `level` , `title` , `type` FROM `tree` WHERE `parent_id` = 2 ORDER BY `position` ASC <>
[2011-03-31 20:34:13] No query pending <>
[2011-03-31 20:34:13] UPDATE `tree` SET `position` = `position` + 1 WHERE `parent_id` = 2 AND `position` >= 0  AND `id` NOT IN (-1)  <>
[2011-03-31 20:34:13] UPDATE `tree` SET `left` = `left` + 2 WHERE `left` >= 1  AND `id` NOT IN (-1)  <>
[2011-03-31 20:34:13] UPDATE `tree` SET `right` = `right` + 2 WHERE `right` >= 1  AND `id` NOT IN (-1)  <>
[2011-03-31 20:34:13] INSERT INTO `tree` (`parent_id`, `position`, `left`, `right`, `level` ) VALUES (2, 0, 1, 2, 1) <>
[2011-03-31 20:34:13] SELECT `id` , `parent_id` , `position` , `left` , `right` , `level` , `title` , `type` FROM `tree` WHERE `id` = 0 <>
[2011-03-31 20:34:13] No query pending <>
[2011-03-31 20:34:13] nf: no result set <>
[2011-03-31 20:34:13] SELECT `id` , `parent_id` , `position` , `left` , `right` , `level` , `title` , `type` FROM `tree` WHERE `parent_id` = 0 ORDER BY `position` ASC <>
[2011-03-31 20:34:13] No query pending <>
[2011-03-31 20:34:13] SELECT `id` , `parent_id` , `position` , `left` , `right` , `level` , `title` , `type` FROM `tree` WHERE `id` = 2 <>
[2011-03-31 20:34:13] No query pending <>
[2011-03-31 20:34:13] nf: no result set <>
[2011-03-31 20:34:13] SELECT `id` , `parent_id` , `position` , `left` , `right` , `level` , `title` , `type` FROM `tree` WHERE `parent_id` = 2 ORDER BY `position` ASC <>
[2011-03-31 20:34:13] No query pending <>
[2011-03-31 20:34:13] UPDATE `tree` SET `position` = `position` + 1 WHERE `parent_id` = 2 AND `position` >= 0  AND `id` NOT IN (-1)  <>
[2011-03-31 20:34:13] UPDATE `tree` SET `left` = `left` + 2 WHERE `left` >= 1  AND `id` NOT IN (-1)  <>
[2011-03-31 20:34:13] UPDATE `tree` SET `right` = `right` + 2 WHERE `right` >= 1  AND `id` NOT IN (-1)  <>
[2011-03-31 20:34:13] INSERT INTO `tree` (`parent_id`, `position`, `left`, `right`, `level` ) VALUES (2, 0, 1, 2, 1) <>
[2011-03-31 20:34:13] SELECT `id` , `parent_id` , `position` , `left` , `right` , `level` , `title` , `type` FROM `tree` WHERE `id` = 0 <>
[2011-03-31 20:34:13] No query pending <>
[2011-03-31 20:34:13] nf: no result set <>
[2011-03-31 20:34:13] SELECT `id` , `parent_id` , `position` , `left` , `right` , `level` , `title` , `type` FROM `tree` WHERE `parent_id` = 0 ORDER BY `position` ASC <>
[2011-03-31 20:34:13] No query pending <>
[2011-03-31 20:34:13] SELECT `id` , `parent_id` , `position` , `left` , `right` , `level` , `title` , `type` FROM `tree` WHERE `id` = 4 <>
[2011-03-31 20:34:13] No query pending <>
[2011-03-31 20:34:13] nf: no result set <>
[2011-03-31 20:34:13] SELECT `id` , `parent_id` , `position` , `left` , `right` , `level` , `title` , `type` FROM `tree` WHERE `parent_id` = 4 ORDER BY `position` ASC <>
[2011-03-31 20:34:13] No query pending <>
[2011-03-31 20:34:13] UPDATE `tree` SET `position` = `position` + 1 WHERE `parent_id` = 4 AND `position` >= 0  AND `id` NOT IN (-1)  <>
[2011-03-31 20:34:13] UPDATE `tree` SET `left` = `left` + 2 WHERE `left` >= 1  AND `id` NOT IN (-1)  <>
[2011-03-31 20:34:13] UPDATE `tree` SET `right` = `right` + 2 WHERE `right` >= 1  AND `id` NOT IN (-1)  <>
[2011-03-31 20:34:13] INSERT INTO `tree` (`parent_id`, `position`, `left`, `right`, `level` ) VALUES (4, 0, 1, 2, 1) <>
[2011-03-31 20:34:13] SELECT `id` , `parent_id` , `position` , `left` , `right` , `level` , `title` , `type` FROM `tree` WHERE `id` = 0 <>
[2011-03-31 20:34:13] No query pending <>
[2011-03-31 20:34:13] nf: no result set <>
[2011-03-31 20:34:13] SELECT `id` , `parent_id` , `position` , `left` , `right` , `level` , `title` , `type` FROM `tree` WHERE `parent_id` = 0 ORDER BY `position` ASC <>
[2011-03-31 20:34:13] No query pending <>
[2011-03-31 20:34:13] SELECT `id` , `parent_id` , `position` , `left` , `right` , `level` , `title` , `type` FROM `tree` WHERE `id` = 5 <>
[2011-03-31 20:34:13] No query pending <>
[2011-03-31 20:34:13] nf: no result set <>
[2011-03-31 20:34:13] SELECT `id` , `parent_id` , `position` , `left` , `right` , `level` , `title` , `type` FROM `tree` WHERE `parent_id` = 5 ORDER BY `position` ASC <>
[2011-03-31 20:34:13] No query pending <>
[2011-03-31 20:34:13] UPDATE `tree` SET `position` = `position` + 1 WHERE `parent_id` = 5 AND `position` >= 0  AND `id` NOT IN (-1)  <>
[2011-03-31 20:34:13] UPDATE `tree` SET `left` = `left` + 2 WHERE `left` >= 1  AND `id` NOT IN (-1)  <>
[2011-03-31 20:34:13] UPDATE `tree` SET `right` = `right` + 2 WHERE `right` >= 1  AND `id` NOT IN (-1)  <>
[2011-03-31 20:34:13] INSERT INTO `tree` (`parent_id`, `position`, `left`, `right`, `level` ) VALUES (5, 0, 1, 2, 1) <>
[2011-03-31 20:34:13] SELECT `id` , `parent_id` , `position` , `left` , `right` , `level` , `title` , `type` FROM `tree` WHERE `parent_id` = 1 ORDER BY `position` ASC <>
[2011-03-31 20:34:13] No query pending <>
[2011-03-31 20:34:14] Connection error: Unknown database 'jstree' <>
[2011-03-31 20:34:14] Could node connect for query: SELECT `id` , `parent_id` , `position` , `left` , `right` , `level` , `title` , `type` FROM `tree` WHERE `parent_id` = 1 ORDER BY `position` ASC <>
[2011-03-31 20:34:14] No query pending <>
[2011-03-31 20:34:14] TRUNCATE TABLE `tree` <>
[2011-03-31 20:34:14] INSERT INTO `tree` (`id`, `parent_id`, `position`, `left`, `right`, `level` ) VALUES (1, 0, 0, 1, 2, 0 ) <>
[2011-03-31 20:34:14] SELECT `id` , `parent_id` , `position` , `left` , `right` , `level` , `title` , `type` FROM `tree` WHERE `id` = 0 <>
[2011-03-31 20:34:14] No query pending <>
[2011-03-31 20:34:14] nf: no result set <>
[2011-03-31 20:34:14] SELECT `id` , `parent_id` , `position` , `left` , `right` , `level` , `title` , `type` FROM `tree` WHERE `parent_id` = 0 ORDER BY `position` ASC <>
[2011-03-31 20:34:14] No query pending <>
[2011-03-31 20:34:14] SELECT `id` , `parent_id` , `position` , `left` , `right` , `level` , `title` , `type` FROM `tree` WHERE `id` = 1 <>
[2011-03-31 20:34:14] No query pending <>
[2011-03-31 20:34:14] nf: no result set <>
[2011-03-31 20:34:14] SELECT `id` , `parent_id` , `position` , `left` , `right` , `level` , `title` , `type` FROM `tree` WHERE `parent_id` = 1 ORDER BY `position` ASC <>
[2011-03-31 20:34:14] No query pending <>
[2011-03-31 20:34:14] UPDATE `tree` SET `position` = `position` + 1 WHERE `parent_id` = 1 AND `position` >= 0  AND `id` NOT IN (-1)  <>
[2011-03-31 20:34:14] UPDATE `tree` SET `left` = `left` + 2 WHERE `left` >= 1  AND `id` NOT IN (-1)  <>
[2011-03-31 20:34:14] UPDATE `tree` SET `right` = `right` + 2 WHERE `right` >= 1  AND `id` NOT IN (-1)  <>
[2011-03-31 20:34:14] INSERT INTO `tree` (`parent_id`, `position`, `left`, `right`, `level` ) VALUES (1, 0, 1, 2, 1) <>
[2011-03-31 20:34:14] SELECT `id` , `parent_id` , `position` , `left` , `right` , `level` , `title` , `type` FROM `tree` WHERE `id` = 0 <>
[2011-03-31 20:34:14] No query pending <>
[2011-03-31 20:34:14] nf: no result set <>
[2011-03-31 20:34:14] SELECT `id` , `parent_id` , `position` , `left` , `right` , `level` , `title` , `type` FROM `tree` WHERE `parent_id` = 0 ORDER BY `position` ASC <>
[2011-03-31 20:34:14] No query pending <>
[2011-03-31 20:34:14] SELECT `id` , `parent_id` , `position` , `left` , `right` , `level` , `title` , `type` FROM `tree` WHERE `id` = 1 <>
[2011-03-31 20:34:14] No query pending <>
[2011-03-31 20:34:14] nf: no result set <>
[2011-03-31 20:34:14] SELECT `id` , `parent_id` , `position` , `left` , `right` , `level` , `title` , `type` FROM `tree` WHERE `parent_id` = 1 ORDER BY `position` ASC <>
[2011-03-31 20:34:14] No query pending <>
[2011-03-31 20:34:14] UPDATE `tree` SET `position` = `position` + 1 WHERE `parent_id` = 1 AND `position` >= 0  AND `id` NOT IN (-1)  <>
[2011-03-31 20:34:14] UPDATE `tree` SET `left` = `left` + 2 WHERE `left` >= 1  AND `id` NOT IN (-1)  <>
[2011-03-31 20:34:14] UPDATE `tree` SET `right` = `right` + 2 WHERE `right` >= 1  AND `id` NOT IN (-1)  <>
[2011-03-31 20:34:14] INSERT INTO `tree` (`parent_id`, `position`, `left`, `right`, `level` ) VALUES (1, 0, 1, 2, 1) <>
[2011-03-31 20:34:14] SELECT `id` , `parent_id` , `position` , `left` , `right` , `level` , `title` , `type` FROM `tree` WHERE `id` = 0 <>
[2011-03-31 20:34:14] No query pending <>
[2011-03-31 20:34:14] nf: no result set <>
[2011-03-31 20:34:14] SELECT `id` , `parent_id` , `position` , `left` , `right` , `level` , `title` , `type` FROM `tree` WHERE `parent_id` = 0 ORDER BY `position` ASC <>
[2011-03-31 20:34:14] No query pending <>
[2011-03-31 20:34:14] SELECT `id` , `parent_id` , `position` , `left` , `right` , `level` , `title` , `type` FROM `tree` WHERE `id` = 2 <>
[2011-03-31 20:34:14] No query pending <>
[2011-03-31 20:34:14] nf: no result set <>
[2011-03-31 20:34:14] SELECT `id` , `parent_id` , `position` , `left` , `right` , `level` , `title` , `type` FROM `tree` WHERE `parent_id` = 2 ORDER BY `position` ASC <>
[2011-03-31 20:34:14] No query pending <>
[2011-03-31 20:34:14] UPDATE `tree` SET `position` = `position` + 1 WHERE `parent_id` = 2 AND `position` >= 0  AND `id` NOT IN (-1)  <>
[2011-03-31 20:34:14] UPDATE `tree` SET `left` = `left` + 2 WHERE `left` >= 1  AND `id` NOT IN (-1)  <>
[2011-03-31 20:34:14] UPDATE `tree` SET `right` = `right` + 2 WHERE `right` >= 1  AND `id` NOT IN (-1)  <>
[2011-03-31 20:34:14] INSERT INTO `tree` (`parent_id`, `position`, `left`, `right`, `level` ) VALUES (2, 0, 1, 2, 1) <>
[2011-03-31 20:34:14] SELECT `id` , `parent_id` , `position` , `left` , `right` , `level` , `title` , `type` FROM `tree` WHERE `id` = 0 <>
[2011-03-31 20:34:14] No query pending <>
[2011-03-31 20:34:14] nf: no result set <>
[2011-03-31 20:34:14] SELECT `id` , `parent_id` , `position` , `left` , `right` , `level` , `title` , `type` FROM `tree` WHERE `parent_id` = 0 ORDER BY `position` ASC <>
[2011-03-31 20:34:14] No query pending <>
[2011-03-31 20:34:14] SELECT `id` , `parent_id` , `position` , `left` , `right` , `level` , `title` , `type` FROM `tree` WHERE `id` = 2 <>
[2011-03-31 20:34:14] No query pending <>
[2011-03-31 20:34:14] nf: no result set <>
[2011-03-31 20:34:14] SELECT `id` , `parent_id` , `position` , `left` , `right` , `level` , `title` , `type` FROM `tree` WHERE `parent_id` = 2 ORDER BY `position` ASC <>
[2011-03-31 20:34:14] No query pending <>
[2011-03-31 20:34:14] UPDATE `tree` SET `position` = `position` + 1 WHERE `parent_id` = 2 AND `position` >= 0  AND `id` NOT IN (-1)  <>
[2011-03-31 20:34:14] UPDATE `tree` SET `left` = `left` + 2 WHERE `left` >= 1  AND `id` NOT IN (-1)  <>
[2011-03-31 20:34:14] UPDATE `tree` SET `right` = `right` + 2 WHERE `right` >= 1  AND `id` NOT IN (-1)  <>
[2011-03-31 20:34:14] INSERT INTO `tree` (`parent_id`, `position`, `left`, `right`, `level` ) VALUES (2, 0, 1, 2, 1) <>
[2011-03-31 20:34:14] SELECT `id` , `parent_id` , `position` , `left` , `right` , `level` , `title` , `type` FROM `tree` WHERE `id` = 0 <>
[2011-03-31 20:34:14] No query pending <>
[2011-03-31 20:34:14] nf: no result set <>
[2011-03-31 20:34:14] SELECT `id` , `parent_id` , `position` , `left` , `right` , `level` , `title` , `type` FROM `tree` WHERE `parent_id` = 0 ORDER BY `position` ASC <>
[2011-03-31 20:34:14] No query pending <>
[2011-03-31 20:34:14] SELECT `id` , `parent_id` , `position` , `left` , `right` , `level` , `title` , `type` FROM `tree` WHERE `id` = 4 <>
[2011-03-31 20:34:14] No query pending <>
[2011-03-31 20:34:14] nf: no result set <>
[2011-03-31 20:34:14] SELECT `id` , `parent_id` , `position` , `left` , `right` , `level` , `title` , `type` FROM `tree` WHERE `parent_id` = 4 ORDER BY `position` ASC <>
[2011-03-31 20:34:14] No query pending <>
[2011-03-31 20:34:14] UPDATE `tree` SET `position` = `position` + 1 WHERE `parent_id` = 4 AND `position` >= 0  AND `id` NOT IN (-1)  <>
[2011-03-31 20:34:14] UPDATE `tree` SET `left` = `left` + 2 WHERE `left` >= 1  AND `id` NOT IN (-1)  <>
[2011-03-31 20:34:14] UPDATE `tree` SET `right` = `right` + 2 WHERE `right` >= 1  AND `id` NOT IN (-1)  <>
[2011-03-31 20:34:14] INSERT INTO `tree` (`parent_id`, `position`, `left`, `right`, `level` ) VALUES (4, 0, 1, 2, 1) <>
[2011-03-31 20:34:14] SELECT `id` , `parent_id` , `position` , `left` , `right` , `level` , `title` , `type` FROM `tree` WHERE `id` = 0 <>
[2011-03-31 20:34:14] No query pending <>
[2011-03-31 20:34:14] nf: no result set <>
[2011-03-31 20:34:14] SELECT `id` , `parent_id` , `position` , `left` , `right` , `level` , `title` , `type` FROM `tree` WHERE `parent_id` = 0 ORDER BY `position` ASC <>
[2011-03-31 20:34:14] No query pending <>
[2011-03-31 20:34:14] SELECT `id` , `parent_id` , `position` , `left` , `right` , `level` , `title` , `type` FROM `tree` WHERE `id` = 5 <>
[2011-03-31 20:34:14] No query pending <>
[2011-03-31 20:34:14] nf: no result set <>
[2011-03-31 20:34:14] SELECT `id` , `parent_id` , `position` , `left` , `right` , `level` , `title` , `type` FROM `tree` WHERE `parent_id` = 5 ORDER BY `position` ASC <>
[2011-03-31 20:34:14] No query pending <>
[2011-03-31 20:34:14] UPDATE `tree` SET `position` = `position` + 1 WHERE `parent_id` = 5 AND `position` >= 0  AND `id` NOT IN (-1)  <>
[2011-03-31 20:34:14] UPDATE `tree` SET `left` = `left` + 2 WHERE `left` >= 1  AND `id` NOT IN (-1)  <>
[2011-03-31 20:34:14] UPDATE `tree` SET `right` = `right` + 2 WHERE `right` >= 1  AND `id` NOT IN (-1)  <>
[2011-03-31 20:34:14] INSERT INTO `tree` (`parent_id`, `position`, `left`, `right`, `level` ) VALUES (5, 0, 1, 2, 1) <>
[2011-03-31 20:34:14] SELECT `id` , `parent_id` , `position` , `left` , `right` , `level` , `title` , `type` FROM `tree` WHERE `parent_id` = 1 ORDER BY `position` ASC <>
[2011-03-31 20:34:14] No query pending <>
[2011-03-31 20:34:22] Connection error: Unknown database 'jstree' <>
[2011-03-31 20:34:22] Could node connect for query: SELECT `id` , `parent_id` , `position` , `left` , `right` , `level` , `title` , `type` FROM `tree` WHERE `parent_id` = 1 ORDER BY `position` ASC <>
[2011-03-31 20:34:22] No query pending <>
[2011-03-31 20:34:22] TRUNCATE TABLE `tree` <>
[2011-03-31 20:34:22] INSERT INTO `tree` (`id`, `parent_id`, `position`, `left`, `right`, `level` ) VALUES (1, 0, 0, 1, 2, 0 ) <>
[2011-03-31 20:34:22] SELECT `id` , `parent_id` , `position` , `left` , `right` , `level` , `title` , `type` FROM `tree` WHERE `id` = 0 <>
[2011-03-31 20:34:22] No query pending <>
[2011-03-31 20:34:22] nf: no result set <>
[2011-03-31 20:34:22] SELECT `id` , `parent_id` , `position` , `left` , `right` , `level` , `title` , `type` FROM `tree` WHERE `parent_id` = 0 ORDER BY `position` ASC <>
[2011-03-31 20:34:22] No query pending <>
[2011-03-31 20:34:22] SELECT `id` , `parent_id` , `position` , `left` , `right` , `level` , `title` , `type` FROM `tree` WHERE `id` = 1 <>
[2011-03-31 20:34:22] No query pending <>
[2011-03-31 20:34:22] nf: no result set <>
[2011-03-31 20:34:22] SELECT `id` , `parent_id` , `position` , `left` , `right` , `level` , `title` , `type` FROM `tree` WHERE `parent_id` = 1 ORDER BY `position` ASC <>
[2011-03-31 20:34:22] No query pending <>
[2011-03-31 20:34:22] UPDATE `tree` SET `position` = `position` + 1 WHERE `parent_id` = 1 AND `position` >= 0  AND `id` NOT IN (-1)  <>
[2011-03-31 20:34:22] UPDATE `tree` SET `left` = `left` + 2 WHERE `left` >= 1  AND `id` NOT IN (-1)  <>
[2011-03-31 20:34:22] UPDATE `tree` SET `right` = `right` + 2 WHERE `right` >= 1  AND `id` NOT IN (-1)  <>
[2011-03-31 20:34:22] INSERT INTO `tree` (`parent_id`, `position`, `left`, `right`, `level` ) VALUES (1, 0, 1, 2, 1) <>
[2011-03-31 20:34:22] SELECT `id` , `parent_id` , `position` , `left` , `right` , `level` , `title` , `type` FROM `tree` WHERE `id` = 0 <>
[2011-03-31 20:34:22] No query pending <>
[2011-03-31 20:34:22] nf: no result set <>
[2011-03-31 20:34:22] SELECT `id` , `parent_id` , `position` , `left` , `right` , `level` , `title` , `type` FROM `tree` WHERE `parent_id` = 0 ORDER BY `position` ASC <>
[2011-03-31 20:34:22] No query pending <>
[2011-03-31 20:34:22] SELECT `id` , `parent_id` , `position` , `left` , `right` , `level` , `title` , `type` FROM `tree` WHERE `id` = 1 <>
[2011-03-31 20:34:22] No query pending <>
[2011-03-31 20:34:22] nf: no result set <>
[2011-03-31 20:34:22] SELECT `id` , `parent_id` , `position` , `left` , `right` , `level` , `title` , `type` FROM `tree` WHERE `parent_id` = 1 ORDER BY `position` ASC <>
[2011-03-31 20:34:22] No query pending <>
[2011-03-31 20:34:22] UPDATE `tree` SET `position` = `position` + 1 WHERE `parent_id` = 1 AND `position` >= 0  AND `id` NOT IN (-1)  <>
[2011-03-31 20:34:22] UPDATE `tree` SET `left` = `left` + 2 WHERE `left` >= 1  AND `id` NOT IN (-1)  <>
[2011-03-31 20:34:22] UPDATE `tree` SET `right` = `right` + 2 WHERE `right` >= 1  AND `id` NOT IN (-1)  <>
[2011-03-31 20:34:22] INSERT INTO `tree` (`parent_id`, `position`, `left`, `right`, `level` ) VALUES (1, 0, 1, 2, 1) <>
[2011-03-31 20:34:22] SELECT `id` , `parent_id` , `position` , `left` , `right` , `level` , `title` , `type` FROM `tree` WHERE `id` = 0 <>
[2011-03-31 20:34:22] No query pending <>
[2011-03-31 20:34:22] nf: no result set <>
[2011-03-31 20:34:22] SELECT `id` , `parent_id` , `position` , `left` , `right` , `level` , `title` , `type` FROM `tree` WHERE `parent_id` = 0 ORDER BY `position` ASC <>
[2011-03-31 20:34:22] No query pending <>
[2011-03-31 20:34:22] SELECT `id` , `parent_id` , `position` , `left` , `right` , `level` , `title` , `type` FROM `tree` WHERE `id` = 2 <>
[2011-03-31 20:34:22] No query pending <>
[2011-03-31 20:34:22] nf: no result set <>
[2011-03-31 20:34:22] SELECT `id` , `parent_id` , `position` , `left` , `right` , `level` , `title` , `type` FROM `tree` WHERE `parent_id` = 2 ORDER BY `position` ASC <>
[2011-03-31 20:34:22] No query pending <>
[2011-03-31 20:34:22] UPDATE `tree` SET `position` = `position` + 1 WHERE `parent_id` = 2 AND `position` >= 0  AND `id` NOT IN (-1)  <>
[2011-03-31 20:34:22] UPDATE `tree` SET `left` = `left` + 2 WHERE `left` >= 1  AND `id` NOT IN (-1)  <>
[2011-03-31 20:34:22] UPDATE `tree` SET `right` = `right` + 2 WHERE `right` >= 1  AND `id` NOT IN (-1)  <>
[2011-03-31 20:34:22] INSERT INTO `tree` (`parent_id`, `position`, `left`, `right`, `level` ) VALUES (2, 0, 1, 2, 1) <>
[2011-03-31 20:34:22] SELECT `id` , `parent_id` , `position` , `left` , `right` , `level` , `title` , `type` FROM `tree` WHERE `id` = 0 <>
[2011-03-31 20:34:22] No query pending <>
[2011-03-31 20:34:22] nf: no result set <>
[2011-03-31 20:34:22] SELECT `id` , `parent_id` , `position` , `left` , `right` , `level` , `title` , `type` FROM `tree` WHERE `parent_id` = 0 ORDER BY `position` ASC <>
[2011-03-31 20:34:22] No query pending <>
[2011-03-31 20:34:22] SELECT `id` , `parent_id` , `position` , `left` , `right` , `level` , `title` , `type` FROM `tree` WHERE `id` = 2 <>
[2011-03-31 20:34:22] No query pending <>
[2011-03-31 20:34:22] nf: no result set <>
[2011-03-31 20:34:22] SELECT `id` , `parent_id` , `position` , `left` , `right` , `level` , `title` , `type` FROM `tree` WHERE `parent_id` = 2 ORDER BY `position` ASC <>
[2011-03-31 20:34:22] No query pending <>
[2011-03-31 20:34:22] UPDATE `tree` SET `position` = `position` + 1 WHERE `parent_id` = 2 AND `position` >= 0  AND `id` NOT IN (-1)  <>
[2011-03-31 20:34:22] UPDATE `tree` SET `left` = `left` + 2 WHERE `left` >= 1  AND `id` NOT IN (-1)  <>
[2011-03-31 20:34:22] UPDATE `tree` SET `right` = `right` + 2 WHERE `right` >= 1  AND `id` NOT IN (-1)  <>
[2011-03-31 20:34:22] INSERT INTO `tree` (`parent_id`, `position`, `left`, `right`, `level` ) VALUES (2, 0, 1, 2, 1) <>
[2011-03-31 20:34:22] SELECT `id` , `parent_id` , `position` , `left` , `right` , `level` , `title` , `type` FROM `tree` WHERE `id` = 0 <>
[2011-03-31 20:34:22] No query pending <>
[2011-03-31 20:34:22] nf: no result set <>
[2011-03-31 20:34:22] SELECT `id` , `parent_id` , `position` , `left` , `right` , `level` , `title` , `type` FROM `tree` WHERE `parent_id` = 0 ORDER BY `position` ASC <>
[2011-03-31 20:34:22] No query pending <>
[2011-03-31 20:34:22] SELECT `id` , `parent_id` , `position` , `left` , `right` , `level` , `title` , `type` FROM `tree` WHERE `id` = 4 <>
[2011-03-31 20:34:22] No query pending <>
[2011-03-31 20:34:22] nf: no result set <>
[2011-03-31 20:34:22] SELECT `id` , `parent_id` , `position` , `left` , `right` , `level` , `title` , `type` FROM `tree` WHERE `parent_id` = 4 ORDER BY `position` ASC <>
[2011-03-31 20:34:22] No query pending <>
[2011-03-31 20:34:22] UPDATE `tree` SET `position` = `position` + 1 WHERE `parent_id` = 4 AND `position` >= 0  AND `id` NOT IN (-1)  <>
[2011-03-31 20:34:22] UPDATE `tree` SET `left` = `left` + 2 WHERE `left` >= 1  AND `id` NOT IN (-1)  <>
[2011-03-31 20:34:22] UPDATE `tree` SET `right` = `right` + 2 WHERE `right` >= 1  AND `id` NOT IN (-1)  <>
[2011-03-31 20:34:22] INSERT INTO `tree` (`parent_id`, `position`, `left`, `right`, `level` ) VALUES (4, 0, 1, 2, 1) <>
[2011-03-31 20:34:22] SELECT `id` , `parent_id` , `position` , `left` , `right` , `level` , `title` , `type` FROM `tree` WHERE `id` = 0 <>
[2011-03-31 20:34:22] No query pending <>
[2011-03-31 20:34:22] nf: no result set <>
[2011-03-31 20:34:22] SELECT `id` , `parent_id` , `position` , `left` , `right` , `level` , `title` , `type` FROM `tree` WHERE `parent_id` = 0 ORDER BY `position` ASC <>
[2011-03-31 20:34:22] No query pending <>
[2011-03-31 20:34:22] SELECT `id` , `parent_id` , `position` , `left` , `right` , `level` , `title` , `type` FROM `tree` WHERE `id` = 5 <>
[2011-03-31 20:34:22] No query pending <>
[2011-03-31 20:34:22] nf: no result set <>
[2011-03-31 20:34:22] SELECT `id` , `parent_id` , `position` , `left` , `right` , `level` , `title` , `type` FROM `tree` WHERE `parent_id` = 5 ORDER BY `position` ASC <>
[2011-03-31 20:34:22] No query pending <>
[2011-03-31 20:34:22] UPDATE `tree` SET `position` = `position` + 1 WHERE `parent_id` = 5 AND `position` >= 0  AND `id` NOT IN (-1)  <>
[2011-03-31 20:34:22] UPDATE `tree` SET `left` = `left` + 2 WHERE `left` >= 1  AND `id` NOT IN (-1)  <>
[2011-03-31 20:34:22] UPDATE `tree` SET `right` = `right` + 2 WHERE `right` >= 1  AND `id` NOT IN (-1)  <>
[2011-03-31 20:34:22] INSERT INTO `tree` (`parent_id`, `position`, `left`, `right`, `level` ) VALUES (5, 0, 1, 2, 1) <>
[2011-03-31 20:34:22] SELECT `id` , `parent_id` , `position` , `left` , `right` , `level` , `title` , `type` FROM `tree` WHERE `parent_id` = 1 ORDER BY `position` ASC <>
[2011-03-31 20:34:22] No query pending <>
[2011-03-31 20:34:27] Connection error: Unknown database 'jstree' <>
[2011-03-31 20:34:27] Could node connect for query: SELECT `id` , `parent_id` , `position` , `left` , `right` , `level` , `title` , `type` FROM `tree` WHERE `parent_id` = 1 ORDER BY `position` ASC <>
[2011-03-31 20:34:27] No query pending <>
[2011-03-31 20:34:27] TRUNCATE TABLE `tree` <>
[2011-03-31 20:34:27] INSERT INTO `tree` (`id`, `parent_id`, `position`, `left`, `right`, `level` ) VALUES (1, 0, 0, 1, 2, 0 ) <>
[2011-03-31 20:34:27] SELECT `id` , `parent_id` , `position` , `left` , `right` , `level` , `title` , `type` FROM `tree` WHERE `id` = 0 <>
[2011-03-31 20:34:27] No query pending <>
[2011-03-31 20:34:27] nf: no result set <>
[2011-03-31 20:34:27] SELECT `id` , `parent_id` , `position` , `left` , `right` , `level` , `title` , `type` FROM `tree` WHERE `parent_id` = 0 ORDER BY `position` ASC <>
[2011-03-31 20:34:27] No query pending <>
[2011-03-31 20:34:27] SELECT `id` , `parent_id` , `position` , `left` , `right` , `level` , `title` , `type` FROM `tree` WHERE `id` = 1 <>
[2011-03-31 20:34:27] No query pending <>
[2011-03-31 20:34:27] nf: no result set <>
[2011-03-31 20:34:27] SELECT `id` , `parent_id` , `position` , `left` , `right` , `level` , `title` , `type` FROM `tree` WHERE `parent_id` = 1 ORDER BY `position` ASC <>
[2011-03-31 20:34:27] No query pending <>
[2011-03-31 20:34:27] UPDATE `tree` SET `position` = `position` + 1 WHERE `parent_id` = 1 AND `position` >= 0  AND `id` NOT IN (-1)  <>
[2011-03-31 20:34:27] UPDATE `tree` SET `left` = `left` + 2 WHERE `left` >= 1  AND `id` NOT IN (-1)  <>
[2011-03-31 20:34:27] UPDATE `tree` SET `right` = `right` + 2 WHERE `right` >= 1  AND `id` NOT IN (-1)  <>
[2011-03-31 20:34:27] INSERT INTO `tree` (`parent_id`, `position`, `left`, `right`, `level` ) VALUES (1, 0, 1, 2, 1) <>
[2011-03-31 20:34:27] SELECT `id` , `parent_id` , `position` , `left` , `right` , `level` , `title` , `type` FROM `tree` WHERE `id` = 0 <>
[2011-03-31 20:34:27] No query pending <>
[2011-03-31 20:34:27] nf: no result set <>
[2011-03-31 20:34:27] SELECT `id` , `parent_id` , `position` , `left` , `right` , `level` , `title` , `type` FROM `tree` WHERE `parent_id` = 0 ORDER BY `position` ASC <>
[2011-03-31 20:34:27] No query pending <>
[2011-03-31 20:34:27] SELECT `id` , `parent_id` , `position` , `left` , `right` , `level` , `title` , `type` FROM `tree` WHERE `id` = 1 <>
[2011-03-31 20:34:27] No query pending <>
[2011-03-31 20:34:27] nf: no result set <>
[2011-03-31 20:34:27] SELECT `id` , `parent_id` , `position` , `left` , `right` , `level` , `title` , `type` FROM `tree` WHERE `parent_id` = 1 ORDER BY `position` ASC <>
[2011-03-31 20:34:27] No query pending <>
[2011-03-31 20:34:27] UPDATE `tree` SET `position` = `position` + 1 WHERE `parent_id` = 1 AND `position` >= 0  AND `id` NOT IN (-1)  <>
[2011-03-31 20:34:27] UPDATE `tree` SET `left` = `left` + 2 WHERE `left` >= 1  AND `id` NOT IN (-1)  <>
[2011-03-31 20:34:27] UPDATE `tree` SET `right` = `right` + 2 WHERE `right` >= 1  AND `id` NOT IN (-1)  <>
[2011-03-31 20:34:27] INSERT INTO `tree` (`parent_id`, `position`, `left`, `right`, `level` ) VALUES (1, 0, 1, 2, 1) <>
[2011-03-31 20:34:27] SELECT `id` , `parent_id` , `position` , `left` , `right` , `level` , `title` , `type` FROM `tree` WHERE `id` = 0 <>
[2011-03-31 20:34:27] No query pending <>
[2011-03-31 20:34:27] nf: no result set <>
[2011-03-31 20:34:27] SELECT `id` , `parent_id` , `position` , `left` , `right` , `level` , `title` , `type` FROM `tree` WHERE `parent_id` = 0 ORDER BY `position` ASC <>
[2011-03-31 20:34:27] No query pending <>
[2011-03-31 20:34:27] SELECT `id` , `parent_id` , `position` , `left` , `right` , `level` , `title` , `type` FROM `tree` WHERE `id` = 2 <>
[2011-03-31 20:34:27] No query pending <>
[2011-03-31 20:34:27] nf: no result set <>
[2011-03-31 20:34:27] SELECT `id` , `parent_id` , `position` , `left` , `right` , `level` , `title` , `type` FROM `tree` WHERE `parent_id` = 2 ORDER BY `position` ASC <>
[2011-03-31 20:34:27] No query pending <>
[2011-03-31 20:34:27] UPDATE `tree` SET `position` = `position` + 1 WHERE `parent_id` = 2 AND `position` >= 0  AND `id` NOT IN (-1)  <>
[2011-03-31 20:34:27] UPDATE `tree` SET `left` = `left` + 2 WHERE `left` >= 1  AND `id` NOT IN (-1)  <>
[2011-03-31 20:34:27] UPDATE `tree` SET `right` = `right` + 2 WHERE `right` >= 1  AND `id` NOT IN (-1)  <>
[2011-03-31 20:34:27] INSERT INTO `tree` (`parent_id`, `position`, `left`, `right`, `level` ) VALUES (2, 0, 1, 2, 1) <>
[2011-03-31 20:34:27] SELECT `id` , `parent_id` , `position` , `left` , `right` , `level` , `title` , `type` FROM `tree` WHERE `id` = 0 <>
[2011-03-31 20:34:27] No query pending <>
[2011-03-31 20:34:27] nf: no result set <>
[2011-03-31 20:34:27] SELECT `id` , `parent_id` , `position` , `left` , `right` , `level` , `title` , `type` FROM `tree` WHERE `parent_id` = 0 ORDER BY `position` ASC <>
[2011-03-31 20:34:27] No query pending <>
[2011-03-31 20:34:27] SELECT `id` , `parent_id` , `position` , `left` , `right` , `level` , `title` , `type` FROM `tree` WHERE `id` = 2 <>
[2011-03-31 20:34:27] No query pending <>
[2011-03-31 20:34:27] nf: no result set <>
[2011-03-31 20:34:27] SELECT `id` , `parent_id` , `position` , `left` , `right` , `level` , `title` , `type` FROM `tree` WHERE `parent_id` = 2 ORDER BY `position` ASC <>
[2011-03-31 20:34:27] No query pending <>
[2011-03-31 20:34:27] UPDATE `tree` SET `position` = `position` + 1 WHERE `parent_id` = 2 AND `position` >= 0  AND `id` NOT IN (-1)  <>
[2011-03-31 20:34:27] UPDATE `tree` SET `left` = `left` + 2 WHERE `left` >= 1  AND `id` NOT IN (-1)  <>
[2011-03-31 20:34:27] UPDATE `tree` SET `right` = `right` + 2 WHERE `right` >= 1  AND `id` NOT IN (-1)  <>
[2011-03-31 20:34:27] INSERT INTO `tree` (`parent_id`, `position`, `left`, `right`, `level` ) VALUES (2, 0, 1, 2, 1) <>
[2011-03-31 20:34:27] SELECT `id` , `parent_id` , `position` , `left` , `right` , `level` , `title` , `type` FROM `tree` WHERE `id` = 0 <>
[2011-03-31 20:34:27] No query pending <>
[2011-03-31 20:34:27] nf: no result set <>
[2011-03-31 20:34:27] SELECT `id` , `parent_id` , `position` , `left` , `right` , `level` , `title` , `type` FROM `tree` WHERE `parent_id` = 0 ORDER BY `position` ASC <>
[2011-03-31 20:34:27] No query pending <>
[2011-03-31 20:34:27] SELECT `id` , `parent_id` , `position` , `left` , `right` , `level` , `title` , `type` FROM `tree` WHERE `id` = 4 <>
[2011-03-31 20:34:27] No query pending <>
[2011-03-31 20:34:27] nf: no result set <>
[2011-03-31 20:34:27] SELECT `id` , `parent_id` , `position` , `left` , `right` , `level` , `title` , `type` FROM `tree` WHERE `parent_id` = 4 ORDER BY `position` ASC <>
[2011-03-31 20:34:27] No query pending <>
[2011-03-31 20:34:27] UPDATE `tree` SET `position` = `position` + 1 WHERE `parent_id` = 4 AND `position` >= 0  AND `id` NOT IN (-1)  <>
[2011-03-31 20:34:27] UPDATE `tree` SET `left` = `left` + 2 WHERE `left` >= 1  AND `id` NOT IN (-1)  <>
[2011-03-31 20:34:27] UPDATE `tree` SET `right` = `right` + 2 WHERE `right` >= 1  AND `id` NOT IN (-1)  <>
[2011-03-31 20:34:27] INSERT INTO `tree` (`parent_id`, `position`, `left`, `right`, `level` ) VALUES (4, 0, 1, 2, 1) <>
[2011-03-31 20:34:27] SELECT `id` , `parent_id` , `position` , `left` , `right` , `level` , `title` , `type` FROM `tree` WHERE `id` = 0 <>
[2011-03-31 20:34:27] No query pending <>
[2011-03-31 20:34:27] nf: no result set <>
[2011-03-31 20:34:27] SELECT `id` , `parent_id` , `position` , `left` , `right` , `level` , `title` , `type` FROM `tree` WHERE `parent_id` = 0 ORDER BY `position` ASC <>
[2011-03-31 20:34:27] No query pending <>
[2011-03-31 20:34:27] SELECT `id` , `parent_id` , `position` , `left` , `right` , `level` , `title` , `type` FROM `tree` WHERE `id` = 5 <>
[2011-03-31 20:34:27] No query pending <>
[2011-03-31 20:34:27] nf: no result set <>
[2011-03-31 20:34:27] SELECT `id` , `parent_id` , `position` , `left` , `right` , `level` , `title` , `type` FROM `tree` WHERE `parent_id` = 5 ORDER BY `position` ASC <>
[2011-03-31 20:34:27] No query pending <>
[2011-03-31 20:34:27] UPDATE `tree` SET `position` = `position` + 1 WHERE `parent_id` = 5 AND `position` >= 0  AND `id` NOT IN (-1)  <>
[2011-03-31 20:34:27] UPDATE `tree` SET `left` = `left` + 2 WHERE `left` >= 1  AND `id` NOT IN (-1)  <>
[2011-03-31 20:34:27] UPDATE `tree` SET `right` = `right` + 2 WHERE `right` >= 1  AND `id` NOT IN (-1)  <>
[2011-03-31 20:34:27] INSERT INTO `tree` (`parent_id`, `position`, `left`, `right`, `level` ) VALUES (5, 0, 1, 2, 1) <>
[2011-03-31 20:34:27] SELECT `id` , `parent_id` , `position` , `left` , `right` , `level` , `title` , `type` FROM `tree` WHERE `parent_id` = 1 ORDER BY `position` ASC <>
[2011-03-31 20:34:27] No query pending <>
[2011-03-31 20:35:19] SELECT `id` , `parent_id` , `position` , `left` , `right` , `level` , `title` , `type` FROM `tree` WHERE `parent_id` = 1 ORDER BY `position` ASC <Table 'ochorri.tree' doesn't exist>
[2011-03-31 20:35:19] No query pending <Table 'ochorri.tree' doesn't exist>
[2011-03-31 20:35:19] TRUNCATE TABLE `tree` <Table 'ochorri.tree' doesn't exist>
[2011-03-31 20:35:19] INSERT INTO `tree` (`id`, `parent_id`, `position`, `left`, `right`, `level` ) VALUES (1, 0, 0, 1, 2, 0 ) <Table 'ochorri.tree' doesn't exist>
[2011-03-31 20:35:19] SELECT `id` , `parent_id` , `position` , `left` , `right` , `level` , `title` , `type` FROM `tree` WHERE `id` = 0 <Table 'ochorri.tree' doesn't exist>
[2011-03-31 20:35:19] No query pending <Table 'ochorri.tree' doesn't exist>
[2011-03-31 20:35:19] nf: no result set <Table 'ochorri.tree' doesn't exist>
[2011-03-31 20:35:19] SELECT `id` , `parent_id` , `position` , `left` , `right` , `level` , `title` , `type` FROM `tree` WHERE `parent_id` = 0 ORDER BY `position` ASC <Table 'ochorri.tree' doesn't exist>
[2011-03-31 20:35:19] No query pending <Table 'ochorri.tree' doesn't exist>
[2011-03-31 20:35:19] SELECT `id` , `parent_id` , `position` , `left` , `right` , `level` , `title` , `type` FROM `tree` WHERE `id` = 1 <Table 'ochorri.tree' doesn't exist>
[2011-03-31 20:35:19] No query pending <Table 'ochorri.tree' doesn't exist>
[2011-03-31 20:35:19] nf: no result set <Table 'ochorri.tree' doesn't exist>
[2011-03-31 20:35:19] SELECT `id` , `parent_id` , `position` , `left` , `right` , `level` , `title` , `type` FROM `tree` WHERE `parent_id` = 1 ORDER BY `position` ASC <Table 'ochorri.tree' doesn't exist>
[2011-03-31 20:35:19] No query pending <Table 'ochorri.tree' doesn't exist>
[2011-03-31 20:35:19] UPDATE `tree` SET `position` = `position` + 1 WHERE `parent_id` = 1 AND `position` >= 0  AND `id` NOT IN (-1)  <Table 'ochorri.tree' doesn't exist>
[2011-03-31 20:35:19] UPDATE `tree` SET `left` = `left` + 2 WHERE `left` >= 1  AND `id` NOT IN (-1)  <Table 'ochorri.tree' doesn't exist>
[2011-03-31 20:35:19] UPDATE `tree` SET `right` = `right` + 2 WHERE `right` >= 1  AND `id` NOT IN (-1)  <Table 'ochorri.tree' doesn't exist>
[2011-03-31 20:35:19] INSERT INTO `tree` (`parent_id`, `position`, `left`, `right`, `level` ) VALUES (1, 0, 1, 2, 1) <Table 'ochorri.tree' doesn't exist>
[2011-03-31 20:35:19] SELECT `id` , `parent_id` , `position` , `left` , `right` , `level` , `title` , `type` FROM `tree` WHERE `id` = 0 <Table 'ochorri.tree' doesn't exist>
[2011-03-31 20:35:19] No query pending <Table 'ochorri.tree' doesn't exist>
[2011-03-31 20:35:19] nf: no result set <Table 'ochorri.tree' doesn't exist>
[2011-03-31 20:35:19] SELECT `id` , `parent_id` , `position` , `left` , `right` , `level` , `title` , `type` FROM `tree` WHERE `parent_id` = 0 ORDER BY `position` ASC <Table 'ochorri.tree' doesn't exist>
[2011-03-31 20:35:19] No query pending <Table 'ochorri.tree' doesn't exist>
[2011-03-31 20:35:19] SELECT `id` , `parent_id` , `position` , `left` , `right` , `level` , `title` , `type` FROM `tree` WHERE `id` = 1 <Table 'ochorri.tree' doesn't exist>
[2011-03-31 20:35:19] No query pending <Table 'ochorri.tree' doesn't exist>
[2011-03-31 20:35:19] nf: no result set <Table 'ochorri.tree' doesn't exist>
[2011-03-31 20:35:19] SELECT `id` , `parent_id` , `position` , `left` , `right` , `level` , `title` , `type` FROM `tree` WHERE `parent_id` = 1 ORDER BY `position` ASC <Table 'ochorri.tree' doesn't exist>
[2011-03-31 20:35:19] No query pending <Table 'ochorri.tree' doesn't exist>
[2011-03-31 20:35:19] UPDATE `tree` SET `position` = `position` + 1 WHERE `parent_id` = 1 AND `position` >= 0  AND `id` NOT IN (-1)  <Table 'ochorri.tree' doesn't exist>
[2011-03-31 20:35:19] UPDATE `tree` SET `left` = `left` + 2 WHERE `left` >= 1  AND `id` NOT IN (-1)  <Table 'ochorri.tree' doesn't exist>
[2011-03-31 20:35:19] UPDATE `tree` SET `right` = `right` + 2 WHERE `right` >= 1  AND `id` NOT IN (-1)  <Table 'ochorri.tree' doesn't exist>
[2011-03-31 20:35:19] INSERT INTO `tree` (`parent_id`, `position`, `left`, `right`, `level` ) VALUES (1, 0, 1, 2, 1) <Table 'ochorri.tree' doesn't exist>
[2011-03-31 20:35:19] SELECT `id` , `parent_id` , `position` , `left` , `right` , `level` , `title` , `type` FROM `tree` WHERE `id` = 0 <Table 'ochorri.tree' doesn't exist>
[2011-03-31 20:35:19] No query pending <Table 'ochorri.tree' doesn't exist>
[2011-03-31 20:35:19] nf: no result set <Table 'ochorri.tree' doesn't exist>
[2011-03-31 20:35:19] SELECT `id` , `parent_id` , `position` , `left` , `right` , `level` , `title` , `type` FROM `tree` WHERE `parent_id` = 0 ORDER BY `position` ASC <Table 'ochorri.tree' doesn't exist>
[2011-03-31 20:35:19] No query pending <Table 'ochorri.tree' doesn't exist>
[2011-03-31 20:35:19] SELECT `id` , `parent_id` , `position` , `left` , `right` , `level` , `title` , `type` FROM `tree` WHERE `id` = 2 <Table 'ochorri.tree' doesn't exist>
[2011-03-31 20:35:19] No query pending <Table 'ochorri.tree' doesn't exist>
[2011-03-31 20:35:19] nf: no result set <Table 'ochorri.tree' doesn't exist>
[2011-03-31 20:35:19] SELECT `id` , `parent_id` , `position` , `left` , `right` , `level` , `title` , `type` FROM `tree` WHERE `parent_id` = 2 ORDER BY `position` ASC <Table 'ochorri.tree' doesn't exist>
[2011-03-31 20:35:19] No query pending <Table 'ochorri.tree' doesn't exist>
[2011-03-31 20:35:19] UPDATE `tree` SET `position` = `position` + 1 WHERE `parent_id` = 2 AND `position` >= 0  AND `id` NOT IN (-1)  <Table 'ochorri.tree' doesn't exist>
[2011-03-31 20:35:19] UPDATE `tree` SET `left` = `left` + 2 WHERE `left` >= 1  AND `id` NOT IN (-1)  <Table 'ochorri.tree' doesn't exist>
[2011-03-31 20:35:19] UPDATE `tree` SET `right` = `right` + 2 WHERE `right` >= 1  AND `id` NOT IN (-1)  <Table 'ochorri.tree' doesn't exist>
[2011-03-31 20:35:19] INSERT INTO `tree` (`parent_id`, `position`, `left`, `right`, `level` ) VALUES (2, 0, 1, 2, 1) <Table 'ochorri.tree' doesn't exist>
[2011-03-31 20:35:19] SELECT `id` , `parent_id` , `position` , `left` , `right` , `level` , `title` , `type` FROM `tree` WHERE `id` = 0 <Table 'ochorri.tree' doesn't exist>
[2011-03-31 20:35:19] No query pending <Table 'ochorri.tree' doesn't exist>
[2011-03-31 20:35:19] nf: no result set <Table 'ochorri.tree' doesn't exist>
[2011-03-31 20:35:19] SELECT `id` , `parent_id` , `position` , `left` , `right` , `level` , `title` , `type` FROM `tree` WHERE `parent_id` = 0 ORDER BY `position` ASC <Table 'ochorri.tree' doesn't exist>
[2011-03-31 20:35:19] No query pending <Table 'ochorri.tree' doesn't exist>
[2011-03-31 20:35:19] SELECT `id` , `parent_id` , `position` , `left` , `right` , `level` , `title` , `type` FROM `tree` WHERE `id` = 2 <Table 'ochorri.tree' doesn't exist>
[2011-03-31 20:35:19] No query pending <Table 'ochorri.tree' doesn't exist>
[2011-03-31 20:35:19] nf: no result set <Table 'ochorri.tree' doesn't exist>
[2011-03-31 20:35:19] SELECT `id` , `parent_id` , `position` , `left` , `right` , `level` , `title` , `type` FROM `tree` WHERE `parent_id` = 2 ORDER BY `position` ASC <Table 'ochorri.tree' doesn't exist>
[2011-03-31 20:35:19] No query pending <Table 'ochorri.tree' doesn't exist>
[2011-03-31 20:35:19] UPDATE `tree` SET `position` = `position` + 1 WHERE `parent_id` = 2 AND `position` >= 0  AND `id` NOT IN (-1)  <Table 'ochorri.tree' doesn't exist>
[2011-03-31 20:35:19] UPDATE `tree` SET `left` = `left` + 2 WHERE `left` >= 1  AND `id` NOT IN (-1)  <Table 'ochorri.tree' doesn't exist>
[2011-03-31 20:35:19] UPDATE `tree` SET `right` = `right` + 2 WHERE `right` >= 1  AND `id` NOT IN (-1)  <Table 'ochorri.tree' doesn't exist>
[2011-03-31 20:35:19] INSERT INTO `tree` (`parent_id`, `position`, `left`, `right`, `level` ) VALUES (2, 0, 1, 2, 1) <Table 'ochorri.tree' doesn't exist>
[2011-03-31 20:35:19] SELECT `id` , `parent_id` , `position` , `left` , `right` , `level` , `title` , `type` FROM `tree` WHERE `id` = 0 <Table 'ochorri.tree' doesn't exist>
[2011-03-31 20:35:19] No query pending <Table 'ochorri.tree' doesn't exist>
[2011-03-31 20:35:19] nf: no result set <Table 'ochorri.tree' doesn't exist>
[2011-03-31 20:35:19] SELECT `id` , `parent_id` , `position` , `left` , `right` , `level` , `title` , `type` FROM `tree` WHERE `parent_id` = 0 ORDER BY `position` ASC <Table 'ochorri.tree' doesn't exist>
[2011-03-31 20:35:19] No query pending <Table 'ochorri.tree' doesn't exist>
[2011-03-31 20:35:19] SELECT `id` , `parent_id` , `position` , `left` , `right` , `level` , `title` , `type` FROM `tree` WHERE `id` = 4 <Table 'ochorri.tree' doesn't exist>
[2011-03-31 20:35:19] No query pending <Table 'ochorri.tree' doesn't exist>
[2011-03-31 20:35:19] nf: no result set <Table 'ochorri.tree' doesn't exist>
[2011-03-31 20:35:19] SELECT `id` , `parent_id` , `position` , `left` , `right` , `level` , `title` , `type` FROM `tree` WHERE `parent_id` = 4 ORDER BY `position` ASC <Table 'ochorri.tree' doesn't exist>
[2011-03-31 20:35:19] No query pending <Table 'ochorri.tree' doesn't exist>
[2011-03-31 20:35:19] UPDATE `tree` SET `position` = `position` + 1 WHERE `parent_id` = 4 AND `position` >= 0  AND `id` NOT IN (-1)  <Table 'ochorri.tree' doesn't exist>
[2011-03-31 20:35:19] UPDATE `tree` SET `left` = `left` + 2 WHERE `left` >= 1  AND `id` NOT IN (-1)  <Table 'ochorri.tree' doesn't exist>
[2011-03-31 20:35:19] UPDATE `tree` SET `right` = `right` + 2 WHERE `right` >= 1  AND `id` NOT IN (-1)  <Table 'ochorri.tree' doesn't exist>
[2011-03-31 20:35:19] INSERT INTO `tree` (`parent_id`, `position`, `left`, `right`, `level` ) VALUES (4, 0, 1, 2, 1) <Table 'ochorri.tree' doesn't exist>
[2011-03-31 20:35:19] SELECT `id` , `parent_id` , `position` , `left` , `right` , `level` , `title` , `type` FROM `tree` WHERE `id` = 0 <Table 'ochorri.tree' doesn't exist>
[2011-03-31 20:35:19] No query pending <Table 'ochorri.tree' doesn't exist>
[2011-03-31 20:35:19] nf: no result set <Table 'ochorri.tree' doesn't exist>
[2011-03-31 20:35:19] SELECT `id` , `parent_id` , `position` , `left` , `right` , `level` , `title` , `type` FROM `tree` WHERE `parent_id` = 0 ORDER BY `position` ASC <Table 'ochorri.tree' doesn't exist>
[2011-03-31 20:35:19] No query pending <Table 'ochorri.tree' doesn't exist>
[2011-03-31 20:35:19] SELECT `id` , `parent_id` , `position` , `left` , `right` , `level` , `title` , `type` FROM `tree` WHERE `id` = 5 <Table 'ochorri.tree' doesn't exist>
[2011-03-31 20:35:19] No query pending <Table 'ochorri.tree' doesn't exist>
[2011-03-31 20:35:19] nf: no result set <Table 'ochorri.tree' doesn't exist>
[2011-03-31 20:35:19] SELECT `id` , `parent_id` , `position` , `left` , `right` , `level` , `title` , `type` FROM `tree` WHERE `parent_id` = 5 ORDER BY `position` ASC <Table 'ochorri.tree' doesn't exist>
[2011-03-31 20:35:19] No query pending <Table 'ochorri.tree' doesn't exist>
[2011-03-31 20:35:19] UPDATE `tree` SET `position` = `position` + 1 WHERE `parent_id` = 5 AND `position` >= 0  AND `id` NOT IN (-1)  <Table 'ochorri.tree' doesn't exist>
[2011-03-31 20:35:19] UPDATE `tree` SET `left` = `left` + 2 WHERE `left` >= 1  AND `id` NOT IN (-1)  <Table 'ochorri.tree' doesn't exist>
[2011-03-31 20:35:19] UPDATE `tree` SET `right` = `right` + 2 WHERE `right` >= 1  AND `id` NOT IN (-1)  <Table 'ochorri.tree' doesn't exist>
[2011-03-31 20:35:19] INSERT INTO `tree` (`parent_id`, `position`, `left`, `right`, `level` ) VALUES (5, 0, 1, 2, 1) <Table 'ochorri.tree' doesn't exist>
[2011-03-31 20:35:19] SELECT `id` , `parent_id` , `position` , `left` , `right` , `level` , `title` , `type` FROM `tree` WHERE `parent_id` = 1 ORDER BY `position` ASC <Table 'ochorri.tree' doesn't exist>
[2011-03-31 20:35:19] No query pending <Table 'ochorri.tree' doesn't exist>
